The target system is: Generic -  - 
The host system is: Linux - 5.1.0-050100-generic - x86_64
Compiling the C compiler identification source file "CMakeCCompilerId.c" succeeded.
Compiler: /home/chenzhengwei/.espressif/tools/xtensa-esp32s2-elf/esp-2020r1-8.2.0/xtensa-esp32s2-elf/bin/xtensa-esp32s2-elf-gcc 
Build flags: -mlongcalls
Id flags: 

The output was:
0


Compilation of the C compiler identification source "CMakeCCompilerId.c" produced "a.out"

The C compiler identification is GNU, found in "/home/chenzhengwei/esp/gitlab_esp/internal_portject/ESP32-S2-Kaluga-1/factory/led_touch_demo/build/bootloader/CMakeFiles/3.5.1/CompilerIdC/a.out"

Compiling the CXX compiler identification source file "CMakeCXXCompilerId.cpp" succeeded.
Compiler: /home/chenzhengwei/.espressif/tools/xtensa-esp32s2-elf/esp-2020r1-8.2.0/xtensa-esp32s2-elf/bin/xtensa-esp32s2-elf-g++ 
Build flags: -mlongcalls
Id flags: 

The output was:
0


Compilation of the CXX compiler identification source "CMakeCXXCompilerId.cpp" produced "a.out"

The CXX compiler identification is GNU, found in "/home/chenzhengwei/esp/gitlab_esp/internal_portject/ESP32-S2-Kaluga-1/factory/led_touch_demo/build/bootloader/CMakeFiles/3.5.1/CompilerIdCXX/a.out"

Checking whether the ASM compiler is GNU using "--version" matched "(GNU assembler)|(GCC)|(Free Software Foundation)":
xtensa-esp32s2-elf-gcc (crosstool-NG esp-2020r1) 8.2.0
Copyright (C) 2018 Free Software Foundation, Inc.
This is free software; see the source for copying conditions.  There is NO
warranty; not even for MERCHANTABILITY or FITNESS FOR A PARTICULAR PURPOSE.

Determining if the C compiler works passed with the following output:
Change Dir: /home/chenzhengwei/esp/gitlab_esp/internal_portject/ESP32-S2-Kaluga-1/factory/led_touch_demo/build/bootloader/CMakeFiles/CMakeTmp

Run Build Command:"/usr/bin/make" "cmTC_57819/fast"
make[3]: Entering directory '/home/chenzhengwei/esp/gitlab_esp/internal_portject/ESP32-S2-Kaluga-1/factory/led_touch_demo/build/bootloader/CMakeFiles/CMakeTmp'
/usr/bin/make -f CMakeFiles/cmTC_57819.dir/build.make CMakeFiles/cmTC_57819.dir/build
make[4]: Entering directory '/home/chenzhengwei/esp/gitlab_esp/internal_portject/ESP32-S2-Kaluga-1/factory/led_touch_demo/build/bootloader/CMakeFiles/CMakeTmp'
Building C object CMakeFiles/cmTC_57819.dir/testCCompiler.c.obj
/home/chenzhengwei/.espressif/tools/xtensa-esp32s2-elf/esp-2020r1-8.2.0/xtensa-esp32s2-elf/bin/xtensa-esp32s2-elf-gcc    -mlongcalls    -o CMakeFiles/cmTC_57819.dir/testCCompiler.c.obj   -c /home/chenzhengwei/esp/gitlab_esp/internal_portject/ESP32-S2-Kaluga-1/factory/led_touch_demo/build/bootloader/CMakeFiles/CMakeTmp/testCCompiler.c
Linking C executable cmTC_57819
/usr/bin/cmake -E cmake_link_script CMakeFiles/cmTC_57819.dir/link.txt --verbose=1
/home/chenzhengwei/.espressif/tools/xtensa-esp32s2-elf/esp-2020r1-8.2.0/xtensa-esp32s2-elf/bin/xtensa-esp32s2-elf-gcc  -mlongcalls     CMakeFiles/cmTC_57819.dir/testCCompiler.c.obj  -o cmTC_57819 
make[4]: Leaving directory '/home/chenzhengwei/esp/gitlab_esp/internal_portject/ESP32-S2-Kaluga-1/factory/led_touch_demo/build/bootloader/CMakeFiles/CMakeTmp'
make[3]: Leaving directory '/home/chenzhengwei/esp/gitlab_esp/internal_portject/ESP32-S2-Kaluga-1/factory/led_touch_demo/build/bootloader/CMakeFiles/CMakeTmp'


Detecting C compiler ABI info compiled with the following output:
Change Dir: /home/chenzhengwei/esp/gitlab_esp/internal_portject/ESP32-S2-Kaluga-1/factory/led_touch_demo/build/bootloader/CMakeFiles/CMakeTmp

Run Build Command:"/usr/bin/make" "cmTC_239d9/fast"
make[3]: Entering directory '/home/chenzhengwei/esp/gitlab_esp/internal_portject/ESP32-S2-Kaluga-1/factory/led_touch_demo/build/bootloader/CMakeFiles/CMakeTmp'
/usr/bin/make -f CMakeFiles/cmTC_239d9.dir/build.make CMakeFiles/cmTC_239d9.dir/build
make[4]: Entering directory '/home/chenzhengwei/esp/gitlab_esp/internal_portject/ESP32-S2-Kaluga-1/factory/led_touch_demo/build/bootloader/CMakeFiles/CMakeTmp'
Building C object CMakeFiles/cmTC_239d9.dir/CMakeCCompilerABI.c.obj
/home/chenzhengwei/.espressif/tools/xtensa-esp32s2-elf/esp-2020r1-8.2.0/xtensa-esp32s2-elf/bin/xtensa-esp32s2-elf-gcc    -mlongcalls    -o CMakeFiles/cmTC_239d9.dir/CMakeCCompilerABI.c.obj   -c /usr/share/cmake-3.5/Modules/CMakeCCompilerABI.c
Linking C executable cmTC_239d9
/usr/bin/cmake -E cmake_link_script CMakeFiles/cmTC_239d9.dir/link.txt --verbose=1
/home/chenzhengwei/.espressif/tools/xtensa-esp32s2-elf/esp-2020r1-8.2.0/xtensa-esp32s2-elf/bin/xtensa-esp32s2-elf-gcc  -mlongcalls    -v CMakeFiles/cmTC_239d9.dir/CMakeCCompilerABI.c.obj  -o cmTC_239d9  
Using built-in specs.
COLLECT_GCC=/home/chenzhengwei/.espressif/tools/xtensa-esp32s2-elf/esp-2020r1-8.2.0/xtensa-esp32s2-elf/bin/xtensa-esp32s2-elf-gcc
COLLECT_LTO_WRAPPER=/home/chenzhengwei/.espressif/tools/xtensa-esp32s2-elf/esp-2020r1-8.2.0/xtensa-esp32s2-elf/bin/../libexec/gcc/xtensa-esp32s2-elf/8.2.0/lto-wrapper
Target: xtensa-esp32s2-elf
Configured with: /builds/idf/crosstool-NG/.build/xtensa-esp32s2-elf/src/gcc/configure --build=x86_64-build_pc-linux-gnu --host=x86_64-build_pc-linux-gnu --target=xtensa-esp32s2-elf --prefix=/builds/idf/crosstool-NG/builds/xtensa-esp32s2-elf --with-local-prefix=/builds/idf/crosstool-NG/builds/xtensa-esp32s2-elf/xtensa-esp32s2-elf --with-headers=/builds/idf/crosstool-NG/builds/xtensa-esp32s2-elf/xtensa-esp32s2-elf/include --with-newlib --enable-threads=no --disable-shared --with-pkgversion='crosstool-NG esp-2020r1' --disable-__cxa_atexit --enable-cxx-flags=-ffunction-sections --disable-libgomp --disable-libmudflap --disable-libmpx --disable-libssp --disable-libquadmath --disable-libquadmath-support --with-gmp=/builds/idf/crosstool-NG/.build/xtensa-esp32s2-elf/buildtools --with-mpfr=/builds/idf/crosstool-NG/.build/xtensa-esp32s2-elf/buildtools --with-mpc=/builds/idf/crosstool-NG/.build/xtensa-esp32s2-elf/buildtools --with-isl=/builds/idf/crosstool-NG/.build/xtensa-esp32s2-elf/buildtools --enable-lto --enable-target-optspace --without-long-double-128 --disable-nls --enable-multiarch --enable-languages=c,c++ --disable-libstdcxx-verbose --enable-threads=posix --enable-gcov-custom-rtio --enable-libstdcxx-time=yes
Thread model: posix
gcc version 8.2.0 (crosstool-NG esp-2020r1) 
COMPILER_PATH=/home/chenzhengwei/.espressif/tools/xtensa-esp32s2-elf/esp-2020r1-8.2.0/xtensa-esp32s2-elf/bin/../libexec/gcc/xtensa-esp32s2-elf/8.2.0/:/home/chenzhengwei/.espressif/tools/xtensa-esp32s2-elf/esp-2020r1-8.2.0/xtensa-esp32s2-elf/bin/../libexec/gcc/:/home/chenzhengwei/.espressif/tools/xtensa-esp32s2-elf/esp-2020r1-8.2.0/xtensa-esp32s2-elf/bin/../lib/gcc/xtensa-esp32s2-elf/8.2.0/../../../../xtensa-esp32s2-elf/bin/
LIBRARY_PATH=/home/chenzhengwei/.espressif/tools/xtensa-esp32s2-elf/esp-2020r1-8.2.0/xtensa-esp32s2-elf/bin/../lib/gcc/xtensa-esp32s2-elf/8.2.0/:/home/chenzhengwei/.espressif/tools/xtensa-esp32s2-elf/esp-2020r1-8.2.0/xtensa-esp32s2-elf/bin/../lib/gcc/:/home/chenzhengwei/.espressif/tools/xtensa-esp32s2-elf/esp-2020r1-8.2.0/xtensa-esp32s2-elf/bin/../lib/gcc/xtensa-esp32s2-elf/8.2.0/../../../../xtensa-esp32s2-elf/lib/
COLLECT_GCC_OPTIONS='-mlongcalls' '-v' '-o' 'cmTC_239d9'
 /home/chenzhengwei/.espressif/tools/xtensa-esp32s2-elf/esp-2020r1-8.2.0/xtensa-esp32s2-elf/bin/../libexec/gcc/xtensa-esp32s2-elf/8.2.0/collect2 -plugin /home/chenzhengwei/.espressif/tools/xtensa-esp32s2-elf/esp-2020r1-8.2.0/xtensa-esp32s2-elf/bin/../libexec/gcc/xtensa-esp32s2-elf/8.2.0/liblto_plugin.so -plugin-opt=/home/chenzhengwei/.espressif/tools/xtensa-esp32s2-elf/esp-2020r1-8.2.0/xtensa-esp32s2-elf/bin/../libexec/gcc/xtensa-esp32s2-elf/8.2.0/lto-wrapper -plugin-opt=-fresolution=/tmp/ccxQjK2F.res -plugin-opt=-pass-through=-lgcc -plugin-opt=-pass-through=-lc -plugin-opt=-pass-through=-lnosys -plugin-opt=-pass-through=-lc -plugin-opt=-pass-through=-lgcc -o cmTC_239d9 /home/chenzhengwei/.espressif/tools/xtensa-esp32s2-elf/esp-2020r1-8.2.0/xtensa-esp32s2-elf/bin/../lib/gcc/xtensa-esp32s2-elf/8.2.0/../../../../xtensa-esp32s2-elf/lib/crt0.o /home/chenzhengwei/.espressif/tools/xtensa-esp32s2-elf/esp-2020r1-8.2.0/xtensa-esp32s2-elf/bin/../lib/gcc/xtensa-esp32s2-elf/8.2.0/crti.o /home/chenzhengwei/.espressif/tools/xtensa-esp32s2-elf/esp-2020r1-8.2.0/xtensa-esp32s2-elf/bin/../lib/gcc/xtensa-esp32s2-elf/8.2.0/crtbegin.o -L/home/chenzhengwei/.espressif/tools/xtensa-esp32s2-elf/esp-2020r1-8.2.0/xtensa-esp32s2-elf/bin/../lib/gcc/xtensa-esp32s2-elf/8.2.0 -L/home/chenzhengwei/.espressif/tools/xtensa-esp32s2-elf/esp-2020r1-8.2.0/xtensa-esp32s2-elf/bin/../lib/gcc -L/home/chenzhengwei/.espressif/tools/xtensa-esp32s2-elf/esp-2020r1-8.2.0/xtensa-esp32s2-elf/bin/../lib/gcc/xtensa-esp32s2-elf/8.2.0/../../../../xtensa-esp32s2-elf/lib CMakeFiles/cmTC_239d9.dir/CMakeCCompilerABI.c.obj -lgcc -lc -lnosys -lc -lgcc /home/chenzhengwei/.espressif/tools/xtensa-esp32s2-elf/esp-2020r1-8.2.0/xtensa-esp32s2-elf/bin/../lib/gcc/xtensa-esp32s2-elf/8.2.0/crtend.o /home/chenzhengwei/.espressif/tools/xtensa-esp32s2-elf/esp-2020r1-8.2.0/xtensa-esp32s2-elf/bin/../lib/gcc/xtensa-esp32s2-elf/8.2.0/crtn.o
COLLECT_GCC_OPTIONS='-mlongcalls' '-v' '-o' 'cmTC_239d9'
make[4]: Leaving directory '/home/chenzhengwei/esp/gitlab_esp/internal_portject/ESP32-S2-Kaluga-1/factory/led_touch_demo/build/bootloader/CMakeFiles/CMakeTmp'
make[3]: Leaving directory '/home/chenzhengwei/esp/gitlab_esp/internal_portject/ESP32-S2-Kaluga-1/factory/led_touch_demo/build/bootloader/CMakeFiles/CMakeTmp'


Parsed C implicit link information from above output:
  link line regex: [^( *|.*[/\])(xtensa-esp32s2-elf-ld|([^/\]+-)?ld|collect2)[^/\]*( |$)]
  ignore line: [Change Dir: /home/chenzhengwei/esp/gitlab_esp/internal_portject/ESP32-S2-Kaluga-1/factory/led_touch_demo/build/bootloader/CMakeFiles/CMakeTmp]
  ignore line: []
  ignore line: [Run Build Command:"/usr/bin/make" "cmTC_239d9/fast"]
  ignore line: [make[3]: Entering directory '/home/chenzhengwei/esp/gitlab_esp/internal_portject/ESP32-S2-Kaluga-1/factory/led_touch_demo/build/bootloader/CMakeFiles/CMakeTmp']
  ignore line: [/usr/bin/make -f CMakeFiles/cmTC_239d9.dir/build.make CMakeFiles/cmTC_239d9.dir/build]
  ignore line: [make[4]: Entering directory '/home/chenzhengwei/esp/gitlab_esp/internal_portject/ESP32-S2-Kaluga-1/factory/led_touch_demo/build/bootloader/CMakeFiles/CMakeTmp']
  ignore line: [Building C object CMakeFiles/cmTC_239d9.dir/CMakeCCompilerABI.c.obj]
  ignore line: [/home/chenzhengwei/.espressif/tools/xtensa-esp32s2-elf/esp-2020r1-8.2.0/xtensa-esp32s2-elf/bin/xtensa-esp32s2-elf-gcc    -mlongcalls    -o CMakeFiles/cmTC_239d9.dir/CMakeCCompilerABI.c.obj   -c /usr/share/cmake-3.5/Modules/CMakeCCompilerABI.c]
  ignore line: [Linking C executable cmTC_239d9]
  ignore line: [/usr/bin/cmake -E cmake_link_script CMakeFiles/cmTC_239d9.dir/link.txt --verbose=1]
  ignore line: [/home/chenzhengwei/.espressif/tools/xtensa-esp32s2-elf/esp-2020r1-8.2.0/xtensa-esp32s2-elf/bin/xtensa-esp32s2-elf-gcc  -mlongcalls    -v CMakeFiles/cmTC_239d9.dir/CMakeCCompilerABI.c.obj  -o cmTC_239d9  ]
  ignore line: [Using built-in specs.]
  ignore line: [COLLECT_GCC=/home/chenzhengwei/.espressif/tools/xtensa-esp32s2-elf/esp-2020r1-8.2.0/xtensa-esp32s2-elf/bin/xtensa-esp32s2-elf-gcc]
  ignore line: [COLLECT_LTO_WRAPPER=/home/chenzhengwei/.espressif/tools/xtensa-esp32s2-elf/esp-2020r1-8.2.0/xtensa-esp32s2-elf/bin/../libexec/gcc/xtensa-esp32s2-elf/8.2.0/lto-wrapper]
  ignore line: [Target: xtensa-esp32s2-elf]
  ignore line: [Configured with: /builds/idf/crosstool-NG/.build/xtensa-esp32s2-elf/src/gcc/configure --build=x86_64-build_pc-linux-gnu --host=x86_64-build_pc-linux-gnu --target=xtensa-esp32s2-elf --prefix=/builds/idf/crosstool-NG/builds/xtensa-esp32s2-elf --with-local-prefix=/builds/idf/crosstool-NG/builds/xtensa-esp32s2-elf/xtensa-esp32s2-elf --with-headers=/builds/idf/crosstool-NG/builds/xtensa-esp32s2-elf/xtensa-esp32s2-elf/include --with-newlib --enable-threads=no --disable-shared --with-pkgversion='crosstool-NG esp-2020r1' --disable-__cxa_atexit --enable-cxx-flags=-ffunction-sections --disable-libgomp --disable-libmudflap --disable-libmpx --disable-libssp --disable-libquadmath --disable-libquadmath-support --with-gmp=/builds/idf/crosstool-NG/.build/xtensa-esp32s2-elf/buildtools --with-mpfr=/builds/idf/crosstool-NG/.build/xtensa-esp32s2-elf/buildtools --with-mpc=/builds/idf/crosstool-NG/.build/xtensa-esp32s2-elf/buildtools --with-isl=/builds/idf/crosstool-NG/.build/xtensa-esp32s2-elf/buildtools --enable-lto --enable-target-optspace --without-long-double-128 --disable-nls --enable-multiarch --enable-languages=c,c++ --disable-libstdcxx-verbose --enable-threads=posix --enable-gcov-custom-rtio --enable-libstdcxx-time=yes]
  ignore line: [Thread model: posix]
  ignore line: [gcc version 8.2.0 (crosstool-NG esp-2020r1) ]
  ignore line: [COMPILER_PATH=/home/chenzhengwei/.espressif/tools/xtensa-esp32s2-elf/esp-2020r1-8.2.0/xtensa-esp32s2-elf/bin/../libexec/gcc/xtensa-esp32s2-elf/8.2.0/:/home/chenzhengwei/.espressif/tools/xtensa-esp32s2-elf/esp-2020r1-8.2.0/xtensa-esp32s2-elf/bin/../libexec/gcc/:/home/chenzhengwei/.espressif/tools/xtensa-esp32s2-elf/esp-2020r1-8.2.0/xtensa-esp32s2-elf/bin/../lib/gcc/xtensa-esp32s2-elf/8.2.0/../../../../xtensa-esp32s2-elf/bin/]
  ignore line: [LIBRARY_PATH=/home/chenzhengwei/.espressif/tools/xtensa-esp32s2-elf/esp-2020r1-8.2.0/xtensa-esp32s2-elf/bin/../lib/gcc/xtensa-esp32s2-elf/8.2.0/:/home/chenzhengwei/.espressif/tools/xtensa-esp32s2-elf/esp-2020r1-8.2.0/xtensa-esp32s2-elf/bin/../lib/gcc/:/home/chenzhengwei/.espressif/tools/xtensa-esp32s2-elf/esp-2020r1-8.2.0/xtensa-esp32s2-elf/bin/../lib/gcc/xtensa-esp32s2-elf/8.2.0/../../../../xtensa-esp32s2-elf/lib/]
  ignore line: [COLLECT_GCC_OPTIONS='-mlongcalls' '-v' '-o' 'cmTC_239d9']
  link line: [ /home/chenzhengwei/.espressif/tools/xtensa-esp32s2-elf/esp-2020r1-8.2.0/xtensa-esp32s2-elf/bin/../libexec/gcc/xtensa-esp32s2-elf/8.2.0/collect2 -plugin /home/chenzhengwei/.espressif/tools/xtensa-esp32s2-elf/esp-2020r1-8.2.0/xtensa-esp32s2-elf/bin/../libexec/gcc/xtensa-esp32s2-elf/8.2.0/liblto_plugin.so -plugin-opt=/home/chenzhengwei/.espressif/tools/xtensa-esp32s2-elf/esp-2020r1-8.2.0/xtensa-esp32s2-elf/bin/../libexec/gcc/xtensa-esp32s2-elf/8.2.0/lto-wrapper -plugin-opt=-fresolution=/tmp/ccxQjK2F.res -plugin-opt=-pass-through=-lgcc -plugin-opt=-pass-through=-lc -plugin-opt=-pass-through=-lnosys -plugin-opt=-pass-through=-lc -plugin-opt=-pass-through=-lgcc -o cmTC_239d9 /home/chenzhengwei/.espressif/tools/xtensa-esp32s2-elf/esp-2020r1-8.2.0/xtensa-esp32s2-elf/bin/../lib/gcc/xtensa-esp32s2-elf/8.2.0/../../../../xtensa-esp32s2-elf/lib/crt0.o /home/chenzhengwei/.espressif/tools/xtensa-esp32s2-elf/esp-2020r1-8.2.0/xtensa-esp32s2-elf/bin/../lib/gcc/xtensa-esp32s2-elf/8.2.0/crti.o /home/chenzhengwei/.espressif/tools/xtensa-esp32s2-elf/esp-2020r1-8.2.0/xtensa-esp32s2-elf/bin/../lib/gcc/xtensa-esp32s2-elf/8.2.0/crtbegin.o -L/home/chenzhengwei/.espressif/tools/xtensa-esp32s2-elf/esp-2020r1-8.2.0/xtensa-esp32s2-elf/bin/../lib/gcc/xtensa-esp32s2-elf/8.2.0 -L/home/chenzhengwei/.espressif/tools/xtensa-esp32s2-elf/esp-2020r1-8.2.0/xtensa-esp32s2-elf/bin/../lib/gcc -L/home/chenzhengwei/.espressif/tools/xtensa-esp32s2-elf/esp-2020r1-8.2.0/xtensa-esp32s2-elf/bin/../lib/gcc/xtensa-esp32s2-elf/8.2.0/../../../../xtensa-esp32s2-elf/lib CMakeFiles/cmTC_239d9.dir/CMakeCCompilerABI.c.obj -lgcc -lc -lnosys -lc -lgcc /home/chenzhengwei/.espressif/tools/xtensa-esp32s2-elf/esp-2020r1-8.2.0/xtensa-esp32s2-elf/bin/../lib/gcc/xtensa-esp32s2-elf/8.2.0/crtend.o /home/chenzhengwei/.espressif/tools/xtensa-esp32s2-elf/esp-2020r1-8.2.0/xtensa-esp32s2-elf/bin/../lib/gcc/xtensa-esp32s2-elf/8.2.0/crtn.o]
    arg [/home/chenzhengwei/.espressif/tools/xtensa-esp32s2-elf/esp-2020r1-8.2.0/xtensa-esp32s2-elf/bin/../libexec/gcc/xtensa-esp32s2-elf/8.2.0/collect2] ==> ignore
    arg [-plugin] ==> ignore
    arg [/home/chenzhengwei/.espressif/tools/xtensa-esp32s2-elf/esp-2020r1-8.2.0/xtensa-esp32s2-elf/bin/../libexec/gcc/xtensa-esp32s2-elf/8.2.0/liblto_plugin.so] ==> ignore
    arg [-plugin-opt=/home/chenzhengwei/.espressif/tools/xtensa-esp32s2-elf/esp-2020r1-8.2.0/xtensa-esp32s2-elf/bin/../libexec/gcc/xtensa-esp32s2-elf/8.2.0/lto-wrapper] ==> ignore
    arg [-plugin-opt=-fresolution=/tmp/ccxQjK2F.res] ==> ignore
    arg [-plugin-opt=-pass-through=-lgcc] ==> ignore
    arg [-plugin-opt=-pass-through=-lc] ==> ignore
    arg [-plugin-opt=-pass-through=-lnosys] ==> ignore
    arg [-plugin-opt=-pass-through=-lc] ==> ignore
    arg [-plugin-opt=-pass-through=-lgcc] ==> ignore
    arg [-o] ==> ignore
    arg [cmTC_239d9] ==> ignore
    arg [/home/chenzhengwei/.espressif/tools/xtensa-esp32s2-elf/esp-2020r1-8.2.0/xtensa-esp32s2-elf/bin/../lib/gcc/xtensa-esp32s2-elf/8.2.0/../../../../xtensa-esp32s2-elf/lib/crt0.o] ==> ignore
    arg [/home/chenzhengwei/.espressif/tools/xtensa-esp32s2-elf/esp-2020r1-8.2.0/xtensa-esp32s2-elf/bin/../lib/gcc/xtensa-esp32s2-elf/8.2.0/crti.o] ==> ignore
    arg [/home/chenzhengwei/.espressif/tools/xtensa-esp32s2-elf/esp-2020r1-8.2.0/xtensa-esp32s2-elf/bin/../lib/gcc/xtensa-esp32s2-elf/8.2.0/crtbegin.o] ==> ignore
    arg [-L/home/chenzhengwei/.espressif/tools/xtensa-esp32s2-elf/esp-2020r1-8.2.0/xtensa-esp32s2-elf/bin/../lib/gcc/xtensa-esp32s2-elf/8.2.0] ==> dir [/home/chenzhengwei/.espressif/tools/xtensa-esp32s2-elf/esp-2020r1-8.2.0/xtensa-esp32s2-elf/bin/../lib/gcc/xtensa-esp32s2-elf/8.2.0]
    arg [-L/home/chenzhengwei/.espressif/tools/xtensa-esp32s2-elf/esp-2020r1-8.2.0/xtensa-esp32s2-elf/bin/../lib/gcc] ==> dir [/home/chenzhengwei/.espressif/tools/xtensa-esp32s2-elf/esp-2020r1-8.2.0/xtensa-esp32s2-elf/bin/../lib/gcc]
    arg [-L/home/chenzhengwei/.espressif/tools/xtensa-esp32s2-elf/esp-2020r1-8.2.0/xtensa-esp32s2-elf/bin/../lib/gcc/xtensa-esp32s2-elf/8.2.0/../../../../xtensa-esp32s2-elf/lib] ==> dir [/home/chenzhengwei/.espressif/tools/xtensa-esp32s2-elf/esp-2020r1-8.2.0/xtensa-esp32s2-elf/bin/../lib/gcc/xtensa-esp32s2-elf/8.2.0/../../../../xtensa-esp32s2-elf/lib]
    arg [CMakeFiles/cmTC_239d9.dir/CMakeCCompilerABI.c.obj] ==> ignore
    arg [-lgcc] ==> lib [gcc]
    arg [-lc] ==> lib [c]
    arg [-lnosys] ==> lib [nosys]
    arg [-lc] ==> lib [c]
    arg [-lgcc] ==> lib [gcc]
    arg [/home/chenzhengwei/.espressif/tools/xtensa-esp32s2-elf/esp-2020r1-8.2.0/xtensa-esp32s2-elf/bin/../lib/gcc/xtensa-esp32s2-elf/8.2.0/crtend.o] ==> ignore
    arg [/home/chenzhengwei/.espressif/tools/xtensa-esp32s2-elf/esp-2020r1-8.2.0/xtensa-esp32s2-elf/bin/../lib/gcc/xtensa-esp32s2-elf/8.2.0/crtn.o] ==> ignore
  remove lib [gcc]
  remove lib [gcc]
  collapse library dir [/home/chenzhengwei/.espressif/tools/xtensa-esp32s2-elf/esp-2020r1-8.2.0/xtensa-esp32s2-elf/bin/../lib/gcc/xtensa-esp32s2-elf/8.2.0] ==> [/home/chenzhengwei/.espressif/tools/xtensa-esp32s2-elf/esp-2020r1-8.2.0/xtensa-esp32s2-elf/lib/gcc/xtensa-esp32s2-elf/8.2.0]
  collapse library dir [/home/chenzhengwei/.espressif/tools/xtensa-esp32s2-elf/esp-2020r1-8.2.0/xtensa-esp32s2-elf/bin/../lib/gcc] ==> [/home/chenzhengwei/.espressif/tools/xtensa-esp32s2-elf/esp-2020r1-8.2.0/xtensa-esp32s2-elf/lib/gcc]
  collapse library dir [/home/chenzhengwei/.espressif/tools/xtensa-esp32s2-elf/esp-2020r1-8.2.0/xtensa-esp32s2-elf/bin/../lib/gcc/xtensa-esp32s2-elf/8.2.0/../../../../xtensa-esp32s2-elf/lib] ==> [/home/chenzhengwei/.espressif/tools/xtensa-esp32s2-elf/esp-2020r1-8.2.0/xtensa-esp32s2-elf/xtensa-esp32s2-elf/lib]
  implicit libs: [c;nosys;c]
  implicit dirs: [/home/chenzhengwei/.espressif/tools/xtensa-esp32s2-elf/esp-2020r1-8.2.0/xtensa-esp32s2-elf/lib/gcc/xtensa-esp32s2-elf/8.2.0;/home/chenzhengwei/.espressif/tools/xtensa-esp32s2-elf/esp-2020r1-8.2.0/xtensa-esp32s2-elf/lib/gcc;/home/chenzhengwei/.espressif/tools/xtensa-esp32s2-elf/esp-2020r1-8.2.0/xtensa-esp32s2-elf/xtensa-esp32s2-elf/lib]
  implicit fwks: []




Detecting C [-std=c11] compiler features compiled with the following output:
Change Dir: /home/chenzhengwei/esp/gitlab_esp/internal_portject/ESP32-S2-Kaluga-1/factory/led_touch_demo/build/bootloader/CMakeFiles/CMakeTmp

Run Build Command:"/usr/bin/make" "cmTC_62b52/fast"
make[3]: Entering directory '/home/chenzhengwei/esp/gitlab_esp/internal_portject/ESP32-S2-Kaluga-1/factory/led_touch_demo/build/bootloader/CMakeFiles/CMakeTmp'
/usr/bin/make -f CMakeFiles/cmTC_62b52.dir/build.make CMakeFiles/cmTC_62b52.dir/build
make[4]: Entering directory '/home/chenzhengwei/esp/gitlab_esp/internal_portject/ESP32-S2-Kaluga-1/factory/led_touch_demo/build/bootloader/CMakeFiles/CMakeTmp'
Building C object CMakeFiles/cmTC_62b52.dir/feature_tests.c.obj
/home/chenzhengwei/.espressif/tools/xtensa-esp32s2-elf/esp-2020r1-8.2.0/xtensa-esp32s2-elf/bin/xtensa-esp32s2-elf-gcc    -mlongcalls    -std=c11 -o CMakeFiles/cmTC_62b52.dir/feature_tests.c.obj   -c /home/chenzhengwei/esp/gitlab_esp/internal_portject/ESP32-S2-Kaluga-1/factory/led_touch_demo/build/bootloader/CMakeFiles/feature_tests.c
Linking C executable cmTC_62b52
/usr/bin/cmake -E cmake_link_script CMakeFiles/cmTC_62b52.dir/link.txt --verbose=1
/home/chenzhengwei/.espressif/tools/xtensa-esp32s2-elf/esp-2020r1-8.2.0/xtensa-esp32s2-elf/bin/xtensa-esp32s2-elf-gcc  -mlongcalls     CMakeFiles/cmTC_62b52.dir/feature_tests.c.obj  -o cmTC_62b52 
make[4]: Leaving directory '/home/chenzhengwei/esp/gitlab_esp/internal_portject/ESP32-S2-Kaluga-1/factory/led_touch_demo/build/bootloader/CMakeFiles/CMakeTmp'
make[3]: Leaving directory '/home/chenzhengwei/esp/gitlab_esp/internal_portject/ESP32-S2-Kaluga-1/factory/led_touch_demo/build/bootloader/CMakeFiles/CMakeTmp'


    Feature record: C_FEATURE:1c_function_prototypes
    Feature record: C_FEATURE:1c_restrict
    Feature record: C_FEATURE:1c_static_assert
    Feature record: C_FEATURE:1c_variadic_macros


Detecting C [-std=c99] compiler features compiled with the following output:
Change Dir: /home/chenzhengwei/esp/gitlab_esp/internal_portject/ESP32-S2-Kaluga-1/factory/led_touch_demo/build/bootloader/CMakeFiles/CMakeTmp

Run Build Command:"/usr/bin/make" "cmTC_84e7d/fast"
make[3]: Entering directory '/home/chenzhengwei/esp/gitlab_esp/internal_portject/ESP32-S2-Kaluga-1/factory/led_touch_demo/build/bootloader/CMakeFiles/CMakeTmp'
/usr/bin/make -f CMakeFiles/cmTC_84e7d.dir/build.make CMakeFiles/cmTC_84e7d.dir/build
make[4]: Entering directory '/home/chenzhengwei/esp/gitlab_esp/internal_portject/ESP32-S2-Kaluga-1/factory/led_touch_demo/build/bootloader/CMakeFiles/CMakeTmp'
Building C object CMakeFiles/cmTC_84e7d.dir/feature_tests.c.obj
/home/chenzhengwei/.espressif/tools/xtensa-esp32s2-elf/esp-2020r1-8.2.0/xtensa-esp32s2-elf/bin/xtensa-esp32s2-elf-gcc    -mlongcalls    -std=c99 -o CMakeFiles/cmTC_84e7d.dir/feature_tests.c.obj   -c /home/chenzhengwei/esp/gitlab_esp/internal_portject/ESP32-S2-Kaluga-1/factory/led_touch_demo/build/bootloader/CMakeFiles/feature_tests.c
Linking C executable cmTC_84e7d
/usr/bin/cmake -E cmake_link_script CMakeFiles/cmTC_84e7d.dir/link.txt --verbose=1
/home/chenzhengwei/.espressif/tools/xtensa-esp32s2-elf/esp-2020r1-8.2.0/xtensa-esp32s2-elf/bin/xtensa-esp32s2-elf-gcc  -mlongcalls     CMakeFiles/cmTC_84e7d.dir/feature_tests.c.obj  -o cmTC_84e7d 
make[4]: Leaving directory '/home/chenzhengwei/esp/gitlab_esp/internal_portject/ESP32-S2-Kaluga-1/factory/led_touch_demo/build/bootloader/CMakeFiles/CMakeTmp'
make[3]: Leaving directory '/home/chenzhengwei/esp/gitlab_esp/internal_portject/ESP32-S2-Kaluga-1/factory/led_touch_demo/build/bootloader/CMakeFiles/CMakeTmp'


    Feature record: C_FEATURE:1c_function_prototypes
    Feature record: C_FEATURE:1c_restrict
    Feature record: C_FEATURE:0c_static_assert
    Feature record: C_FEATURE:1c_variadic_macros


Detecting C [-std=c90] compiler features compiled with the following output:
Change Dir: /home/chenzhengwei/esp/gitlab_esp/internal_portject/ESP32-S2-Kaluga-1/factory/led_touch_demo/build/bootloader/CMakeFiles/CMakeTmp

Run Build Command:"/usr/bin/make" "cmTC_e8b53/fast"
make[3]: Entering directory '/home/chenzhengwei/esp/gitlab_esp/internal_portject/ESP32-S2-Kaluga-1/factory/led_touch_demo/build/bootloader/CMakeFiles/CMakeTmp'
/usr/bin/make -f CMakeFiles/cmTC_e8b53.dir/build.make CMakeFiles/cmTC_e8b53.dir/build
make[4]: Entering directory '/home/chenzhengwei/esp/gitlab_esp/internal_portject/ESP32-S2-Kaluga-1/factory/led_touch_demo/build/bootloader/CMakeFiles/CMakeTmp'
Building C object CMakeFiles/cmTC_e8b53.dir/feature_tests.c.obj
/home/chenzhengwei/.espressif/tools/xtensa-esp32s2-elf/esp-2020r1-8.2.0/xtensa-esp32s2-elf/bin/xtensa-esp32s2-elf-gcc    -mlongcalls    -std=c90 -o CMakeFiles/cmTC_e8b53.dir/feature_tests.c.obj   -c /home/chenzhengwei/esp/gitlab_esp/internal_portject/ESP32-S2-Kaluga-1/factory/led_touch_demo/build/bootloader/CMakeFiles/feature_tests.c
Linking C executable cmTC_e8b53
/usr/bin/cmake -E cmake_link_script CMakeFiles/cmTC_e8b53.dir/link.txt --verbose=1
/home/chenzhengwei/.espressif/tools/xtensa-esp32s2-elf/esp-2020r1-8.2.0/xtensa-esp32s2-elf/bin/xtensa-esp32s2-elf-gcc  -mlongcalls     CMakeFiles/cmTC_e8b53.dir/feature_tests.c.obj  -o cmTC_e8b53 
make[4]: Leaving directory '/home/chenzhengwei/esp/gitlab_esp/internal_portject/ESP32-S2-Kaluga-1/factory/led_touch_demo/build/bootloader/CMakeFiles/CMakeTmp'
make[3]: Leaving directory '/home/chenzhengwei/esp/gitlab_esp/internal_portject/ESP32-S2-Kaluga-1/factory/led_touch_demo/build/bootloader/CMakeFiles/CMakeTmp'


    Feature record: C_FEATURE:1c_function_prototypes
    Feature record: C_FEATURE:0c_restrict
    Feature record: C_FEATURE:0c_static_assert
    Feature record: C_FEATURE:0c_variadic_macros
Determining if the CXX compiler works passed with the following output:
Change Dir: /home/chenzhengwei/esp/gitlab_esp/internal_portject/ESP32-S2-Kaluga-1/factory/led_touch_demo/build/bootloader/CMakeFiles/CMakeTmp

Run Build Command:"/usr/bin/make" "cmTC_25c6a/fast"
make[3]: Entering directory '/home/chenzhengwei/esp/gitlab_esp/internal_portject/ESP32-S2-Kaluga-1/factory/led_touch_demo/build/bootloader/CMakeFiles/CMakeTmp'
/usr/bin/make -f CMakeFiles/cmTC_25c6a.dir/build.make CMakeFiles/cmTC_25c6a.dir/build
make[4]: Entering directory '/home/chenzhengwei/esp/gitlab_esp/internal_portject/ESP32-S2-Kaluga-1/factory/led_touch_demo/build/bootloader/CMakeFiles/CMakeTmp'
Building CXX object CMakeFiles/cmTC_25c6a.dir/testCXXCompiler.cxx.obj
/home/chenzhengwei/.espressif/tools/xtensa-esp32s2-elf/esp-2020r1-8.2.0/xtensa-esp32s2-elf/bin/xtensa-esp32s2-elf-g++     -mlongcalls    -o CMakeFiles/cmTC_25c6a.dir/testCXXCompiler.cxx.obj -c /home/chenzhengwei/esp/gitlab_esp/internal_portject/ESP32-S2-Kaluga-1/factory/led_touch_demo/build/bootloader/CMakeFiles/CMakeTmp/testCXXCompiler.cxx
Linking CXX executable cmTC_25c6a
/usr/bin/cmake -E cmake_link_script CMakeFiles/cmTC_25c6a.dir/link.txt --verbose=1
/home/chenzhengwei/.espressif/tools/xtensa-esp32s2-elf/esp-2020r1-8.2.0/xtensa-esp32s2-elf/bin/xtensa-esp32s2-elf-g++   -mlongcalls     CMakeFiles/cmTC_25c6a.dir/testCXXCompiler.cxx.obj  -o cmTC_25c6a 
make[4]: Leaving directory '/home/chenzhengwei/esp/gitlab_esp/internal_portject/ESP32-S2-Kaluga-1/factory/led_touch_demo/build/bootloader/CMakeFiles/CMakeTmp'
make[3]: Leaving directory '/home/chenzhengwei/esp/gitlab_esp/internal_portject/ESP32-S2-Kaluga-1/factory/led_touch_demo/build/bootloader/CMakeFiles/CMakeTmp'


Detecting CXX compiler ABI info compiled with the following output:
Change Dir: /home/chenzhengwei/esp/gitlab_esp/internal_portject/ESP32-S2-Kaluga-1/factory/led_touch_demo/build/bootloader/CMakeFiles/CMakeTmp

Run Build Command:"/usr/bin/make" "cmTC_4c8c1/fast"
make[3]: Entering directory '/home/chenzhengwei/esp/gitlab_esp/internal_portject/ESP32-S2-Kaluga-1/factory/led_touch_demo/build/bootloader/CMakeFiles/CMakeTmp'
/usr/bin/make -f CMakeFiles/cmTC_4c8c1.dir/build.make CMakeFiles/cmTC_4c8c1.dir/build
make[4]: Entering directory '/home/chenzhengwei/esp/gitlab_esp/internal_portject/ESP32-S2-Kaluga-1/factory/led_touch_demo/build/bootloader/CMakeFiles/CMakeTmp'
Building CXX object CMakeFiles/cmTC_4c8c1.dir/CMakeCXXCompilerABI.cpp.obj
/home/chenzhengwei/.espressif/tools/xtensa-esp32s2-elf/esp-2020r1-8.2.0/xtensa-esp32s2-elf/bin/xtensa-esp32s2-elf-g++     -mlongcalls    -o CMakeFiles/cmTC_4c8c1.dir/CMakeCXXCompilerABI.cpp.obj -c /usr/share/cmake-3.5/Modules/CMakeCXXCompilerABI.cpp
Linking CXX executable cmTC_4c8c1
/usr/bin/cmake -E cmake_link_script CMakeFiles/cmTC_4c8c1.dir/link.txt --verbose=1
/home/chenzhengwei/.espressif/tools/xtensa-esp32s2-elf/esp-2020r1-8.2.0/xtensa-esp32s2-elf/bin/xtensa-esp32s2-elf-g++   -mlongcalls    -v CMakeFiles/cmTC_4c8c1.dir/CMakeCXXCompilerABI.cpp.obj  -o cmTC_4c8c1  
Using built-in specs.
COLLECT_GCC=/home/chenzhengwei/.espressif/tools/xtensa-esp32s2-elf/esp-2020r1-8.2.0/xtensa-esp32s2-elf/bin/xtensa-esp32s2-elf-g++
COLLECT_LTO_WRAPPER=/home/chenzhengwei/.espressif/tools/xtensa-esp32s2-elf/esp-2020r1-8.2.0/xtensa-esp32s2-elf/bin/../libexec/gcc/xtensa-esp32s2-elf/8.2.0/lto-wrapper
Target: xtensa-esp32s2-elf
Configured with: /builds/idf/crosstool-NG/.build/xtensa-esp32s2-elf/src/gcc/configure --build=x86_64-build_pc-linux-gnu --host=x86_64-build_pc-linux-gnu --target=xtensa-esp32s2-elf --prefix=/builds/idf/crosstool-NG/builds/xtensa-esp32s2-elf --with-local-prefix=/builds/idf/crosstool-NG/builds/xtensa-esp32s2-elf/xtensa-esp32s2-elf --with-headers=/builds/idf/crosstool-NG/builds/xtensa-esp32s2-elf/xtensa-esp32s2-elf/include --with-newlib --enable-threads=no --disable-shared --with-pkgversion='crosstool-NG esp-2020r1' --disable-__cxa_atexit --enable-cxx-flags=-ffunction-sections --disable-libgomp --disable-libmudflap --disable-libmpx --disable-libssp --disable-libquadmath --disable-libquadmath-support --with-gmp=/builds/idf/crosstool-NG/.build/xtensa-esp32s2-elf/buildtools --with-mpfr=/builds/idf/crosstool-NG/.build/xtensa-esp32s2-elf/buildtools --with-mpc=/builds/idf/crosstool-NG/.build/xtensa-esp32s2-elf/buildtools --with-isl=/builds/idf/crosstool-NG/.build/xtensa-esp32s2-elf/buildtools --enable-lto --enable-target-optspace --without-long-double-128 --disable-nls --enable-multiarch --enable-languages=c,c++ --disable-libstdcxx-verbose --enable-threads=posix --enable-gcov-custom-rtio --enable-libstdcxx-time=yes
Thread model: posix
gcc version 8.2.0 (crosstool-NG esp-2020r1) 
COMPILER_PATH=/home/chenzhengwei/.espressif/tools/xtensa-esp32s2-elf/esp-2020r1-8.2.0/xtensa-esp32s2-elf/bin/../libexec/gcc/xtensa-esp32s2-elf/8.2.0/:/home/chenzhengwei/.espressif/tools/xtensa-esp32s2-elf/esp-2020r1-8.2.0/xtensa-esp32s2-elf/bin/../libexec/gcc/:/home/chenzhengwei/.espressif/tools/xtensa-esp32s2-elf/esp-2020r1-8.2.0/xtensa-esp32s2-elf/bin/../lib/gcc/xtensa-esp32s2-elf/8.2.0/../../../../xtensa-esp32s2-elf/bin/
LIBRARY_PATH=/home/chenzhengwei/.espressif/tools/xtensa-esp32s2-elf/esp-2020r1-8.2.0/xtensa-esp32s2-elf/bin/../lib/gcc/xtensa-esp32s2-elf/8.2.0/:/home/chenzhengwei/.espressif/tools/xtensa-esp32s2-elf/esp-2020r1-8.2.0/xtensa-esp32s2-elf/bin/../lib/gcc/:/home/chenzhengwei/.espressif/tools/xtensa-esp32s2-elf/esp-2020r1-8.2.0/xtensa-esp32s2-elf/bin/../lib/gcc/xtensa-esp32s2-elf/8.2.0/../../../../xtensa-esp32s2-elf/lib/
COLLECT_GCC_OPTIONS='-mlongcalls' '-v' '-o' 'cmTC_4c8c1'
 /home/chenzhengwei/.espressif/tools/xtensa-esp32s2-elf/esp-2020r1-8.2.0/xtensa-esp32s2-elf/bin/../libexec/gcc/xtensa-esp32s2-elf/8.2.0/collect2 -plugin /home/chenzhengwei/.espressif/tools/xtensa-esp32s2-elf/esp-2020r1-8.2.0/xtensa-esp32s2-elf/bin/../libexec/gcc/xtensa-esp32s2-elf/8.2.0/liblto_plugin.so -plugin-opt=/home/chenzhengwei/.espressif/tools/xtensa-esp32s2-elf/esp-2020r1-8.2.0/xtensa-esp32s2-elf/bin/../libexec/gcc/xtensa-esp32s2-elf/8.2.0/lto-wrapper -plugin-opt=-fresolution=/tmp/ccdz9L0v.res -plugin-opt=-pass-through=-lgcc -plugin-opt=-pass-through=-lc -plugin-opt=-pass-through=-lnosys -plugin-opt=-pass-through=-lc -plugin-opt=-pass-through=-lgcc -o cmTC_4c8c1 /home/chenzhengwei/.espressif/tools/xtensa-esp32s2-elf/esp-2020r1-8.2.0/xtensa-esp32s2-elf/bin/../lib/gcc/xtensa-esp32s2-elf/8.2.0/../../../../xtensa-esp32s2-elf/lib/crt0.o /home/chenzhengwei/.espressif/tools/xtensa-esp32s2-elf/esp-2020r1-8.2.0/xtensa-esp32s2-elf/bin/../lib/gcc/xtensa-esp32s2-elf/8.2.0/crti.o /home/chenzhengwei/.espressif/tools/xtensa-esp32s2-elf/esp-2020r1-8.2.0/xtensa-esp32s2-elf/bin/../lib/gcc/xtensa-esp32s2-elf/8.2.0/crtbegin.o -L/home/chenzhengwei/.espressif/tools/xtensa-esp32s2-elf/esp-2020r1-8.2.0/xtensa-esp32s2-elf/bin/../lib/gcc/xtensa-esp32s2-elf/8.2.0 -L/home/chenzhengwei/.espressif/tools/xtensa-esp32s2-elf/esp-2020r1-8.2.0/xtensa-esp32s2-elf/bin/../lib/gcc -L/home/chenzhengwei/.espressif/tools/xtensa-esp32s2-elf/esp-2020r1-8.2.0/xtensa-esp32s2-elf/bin/../lib/gcc/xtensa-esp32s2-elf/8.2.0/../../../../xtensa-esp32s2-elf/lib CMakeFiles/cmTC_4c8c1.dir/CMakeCXXCompilerABI.cpp.obj -lstdc++ -lm -lgcc -lc -lnosys -lc -lgcc /home/chenzhengwei/.espressif/tools/xtensa-esp32s2-elf/esp-2020r1-8.2.0/xtensa-esp32s2-elf/bin/../lib/gcc/xtensa-esp32s2-elf/8.2.0/crtend.o /home/chenzhengwei/.espressif/tools/xtensa-esp32s2-elf/esp-2020r1-8.2.0/xtensa-esp32s2-elf/bin/../lib/gcc/xtensa-esp32s2-elf/8.2.0/crtn.o
COLLECT_GCC_OPTIONS='-mlongcalls' '-v' '-o' 'cmTC_4c8c1'
make[4]: Leaving directory '/home/chenzhengwei/esp/gitlab_esp/internal_portject/ESP32-S2-Kaluga-1/factory/led_touch_demo/build/bootloader/CMakeFiles/CMakeTmp'
make[3]: Leaving directory '/home/chenzhengwei/esp/gitlab_esp/internal_portject/ESP32-S2-Kaluga-1/factory/led_touch_demo/build/bootloader/CMakeFiles/CMakeTmp'


Parsed CXX implicit link information from above output:
  link line regex: [^( *|.*[/\])(xtensa-esp32s2-elf-ld|([^/\]+-)?ld|collect2)[^/\]*( |$)]
  ignore line: [Change Dir: /home/chenzhengwei/esp/gitlab_esp/internal_portject/ESP32-S2-Kaluga-1/factory/led_touch_demo/build/bootloader/CMakeFiles/CMakeTmp]
  ignore line: []
  ignore line: [Run Build Command:"/usr/bin/make" "cmTC_4c8c1/fast"]
  ignore line: [make[3]: Entering directory '/home/chenzhengwei/esp/gitlab_esp/internal_portject/ESP32-S2-Kaluga-1/factory/led_touch_demo/build/bootloader/CMakeFiles/CMakeTmp']
  ignore line: [/usr/bin/make -f CMakeFiles/cmTC_4c8c1.dir/build.make CMakeFiles/cmTC_4c8c1.dir/build]
  ignore line: [make[4]: Entering directory '/home/chenzhengwei/esp/gitlab_esp/internal_portject/ESP32-S2-Kaluga-1/factory/led_touch_demo/build/bootloader/CMakeFiles/CMakeTmp']
  ignore line: [Building CXX object CMakeFiles/cmTC_4c8c1.dir/CMakeCXXCompilerABI.cpp.obj]
  ignore line: [/home/chenzhengwei/.espressif/tools/xtensa-esp32s2-elf/esp-2020r1-8.2.0/xtensa-esp32s2-elf/bin/xtensa-esp32s2-elf-g++     -mlongcalls    -o CMakeFiles/cmTC_4c8c1.dir/CMakeCXXCompilerABI.cpp.obj -c /usr/share/cmake-3.5/Modules/CMakeCXXCompilerABI.cpp]
  ignore line: [Linking CXX executable cmTC_4c8c1]
  ignore line: [/usr/bin/cmake -E cmake_link_script CMakeFiles/cmTC_4c8c1.dir/link.txt --verbose=1]
  ignore line: [/home/chenzhengwei/.espressif/tools/xtensa-esp32s2-elf/esp-2020r1-8.2.0/xtensa-esp32s2-elf/bin/xtensa-esp32s2-elf-g++   -mlongcalls    -v CMakeFiles/cmTC_4c8c1.dir/CMakeCXXCompilerABI.cpp.obj  -o cmTC_4c8c1  ]
  ignore line: [Using built-in specs.]
  ignore line: [COLLECT_GCC=/home/chenzhengwei/.espressif/tools/xtensa-esp32s2-elf/esp-2020r1-8.2.0/xtensa-esp32s2-elf/bin/xtensa-esp32s2-elf-g++]
  ignore line: [COLLECT_LTO_WRAPPER=/home/chenzhengwei/.espressif/tools/xtensa-esp32s2-elf/esp-2020r1-8.2.0/xtensa-esp32s2-elf/bin/../libexec/gcc/xtensa-esp32s2-elf/8.2.0/lto-wrapper]
  ignore line: [Target: xtensa-esp32s2-elf]
  ignore line: [Configured with: /builds/idf/crosstool-NG/.build/xtensa-esp32s2-elf/src/gcc/configure --build=x86_64-build_pc-linux-gnu --host=x86_64-build_pc-linux-gnu --target=xtensa-esp32s2-elf --prefix=/builds/idf/crosstool-NG/builds/xtensa-esp32s2-elf --with-local-prefix=/builds/idf/crosstool-NG/builds/xtensa-esp32s2-elf/xtensa-esp32s2-elf --with-headers=/builds/idf/crosstool-NG/builds/xtensa-esp32s2-elf/xtensa-esp32s2-elf/include --with-newlib --enable-threads=no --disable-shared --with-pkgversion='crosstool-NG esp-2020r1' --disable-__cxa_atexit --enable-cxx-flags=-ffunction-sections --disable-libgomp --disable-libmudflap --disable-libmpx --disable-libssp --disable-libquadmath --disable-libquadmath-support --with-gmp=/builds/idf/crosstool-NG/.build/xtensa-esp32s2-elf/buildtools --with-mpfr=/builds/idf/crosstool-NG/.build/xtensa-esp32s2-elf/buildtools --with-mpc=/builds/idf/crosstool-NG/.build/xtensa-esp32s2-elf/buildtools --with-isl=/builds/idf/crosstool-NG/.build/xtensa-esp32s2-elf/buildtools --enable-lto --enable-target-optspace --without-long-double-128 --disable-nls --enable-multiarch --enable-languages=c,c++ --disable-libstdcxx-verbose --enable-threads=posix --enable-gcov-custom-rtio --enable-libstdcxx-time=yes]
  ignore line: [Thread model: posix]
  ignore line: [gcc version 8.2.0 (crosstool-NG esp-2020r1) ]
  ignore line: [COMPILER_PATH=/home/chenzhengwei/.espressif/tools/xtensa-esp32s2-elf/esp-2020r1-8.2.0/xtensa-esp32s2-elf/bin/../libexec/gcc/xtensa-esp32s2-elf/8.2.0/:/home/chenzhengwei/.espressif/tools/xtensa-esp32s2-elf/esp-2020r1-8.2.0/xtensa-esp32s2-elf/bin/../libexec/gcc/:/home/chenzhengwei/.espressif/tools/xtensa-esp32s2-elf/esp-2020r1-8.2.0/xtensa-esp32s2-elf/bin/../lib/gcc/xtensa-esp32s2-elf/8.2.0/../../../../xtensa-esp32s2-elf/bin/]
  ignore line: [LIBRARY_PATH=/home/chenzhengwei/.espressif/tools/xtensa-esp32s2-elf/esp-2020r1-8.2.0/xtensa-esp32s2-elf/bin/../lib/gcc/xtensa-esp32s2-elf/8.2.0/:/home/chenzhengwei/.espressif/tools/xtensa-esp32s2-elf/esp-2020r1-8.2.0/xtensa-esp32s2-elf/bin/../lib/gcc/:/home/chenzhengwei/.espressif/tools/xtensa-esp32s2-elf/esp-2020r1-8.2.0/xtensa-esp32s2-elf/bin/../lib/gcc/xtensa-esp32s2-elf/8.2.0/../../../../xtensa-esp32s2-elf/lib/]
  ignore line: [COLLECT_GCC_OPTIONS='-mlongcalls' '-v' '-o' 'cmTC_4c8c1']
  link line: [ /home/chenzhengwei/.espressif/tools/xtensa-esp32s2-elf/esp-2020r1-8.2.0/xtensa-esp32s2-elf/bin/../libexec/gcc/xtensa-esp32s2-elf/8.2.0/collect2 -plugin /home/chenzhengwei/.espressif/tools/xtensa-esp32s2-elf/esp-2020r1-8.2.0/xtensa-esp32s2-elf/bin/../libexec/gcc/xtensa-esp32s2-elf/8.2.0/liblto_plugin.so -plugin-opt=/home/chenzhengwei/.espressif/tools/xtensa-esp32s2-elf/esp-2020r1-8.2.0/xtensa-esp32s2-elf/bin/../libexec/gcc/xtensa-esp32s2-elf/8.2.0/lto-wrapper -plugin-opt=-fresolution=/tmp/ccdz9L0v.res -plugin-opt=-pass-through=-lgcc -plugin-opt=-pass-through=-lc -plugin-opt=-pass-through=-lnosys -plugin-opt=-pass-through=-lc -plugin-opt=-pass-through=-lgcc -o cmTC_4c8c1 /home/chenzhengwei/.espressif/tools/xtensa-esp32s2-elf/esp-2020r1-8.2.0/xtensa-esp32s2-elf/bin/../lib/gcc/xtensa-esp32s2-elf/8.2.0/../../../../xtensa-esp32s2-elf/lib/crt0.o /home/chenzhengwei/.espressif/tools/xtensa-esp32s2-elf/esp-2020r1-8.2.0/xtensa-esp32s2-elf/bin/../lib/gcc/xtensa-esp32s2-elf/8.2.0/crti.o /home/chenzhengwei/.espressif/tools/xtensa-esp32s2-elf/esp-2020r1-8.2.0/xtensa-esp32s2-elf/bin/../lib/gcc/xtensa-esp32s2-elf/8.2.0/crtbegin.o -L/home/chenzhengwei/.espressif/tools/xtensa-esp32s2-elf/esp-2020r1-8.2.0/xtensa-esp32s2-elf/bin/../lib/gcc/xtensa-esp32s2-elf/8.2.0 -L/home/chenzhengwei/.espressif/tools/xtensa-esp32s2-elf/esp-2020r1-8.2.0/xtensa-esp32s2-elf/bin/../lib/gcc -L/home/chenzhengwei/.espressif/tools/xtensa-esp32s2-elf/esp-2020r1-8.2.0/xtensa-esp32s2-elf/bin/../lib/gcc/xtensa-esp32s2-elf/8.2.0/../../../../xtensa-esp32s2-elf/lib CMakeFiles/cmTC_4c8c1.dir/CMakeCXXCompilerABI.cpp.obj -lstdc++ -lm -lgcc -lc -lnosys -lc -lgcc /home/chenzhengwei/.espressif/tools/xtensa-esp32s2-elf/esp-2020r1-8.2.0/xtensa-esp32s2-elf/bin/../lib/gcc/xtensa-esp32s2-elf/8.2.0/crtend.o /home/chenzhengwei/.espressif/tools/xtensa-esp32s2-elf/esp-2020r1-8.2.0/xtensa-esp32s2-elf/bin/../lib/gcc/xtensa-esp32s2-elf/8.2.0/crtn.o]
    arg [/home/chenzhengwei/.espressif/tools/xtensa-esp32s2-elf/esp-2020r1-8.2.0/xtensa-esp32s2-elf/bin/../libexec/gcc/xtensa-esp32s2-elf/8.2.0/collect2] ==> ignore
    arg [-plugin] ==> ignore
    arg [/home/chenzhengwei/.espressif/tools/xtensa-esp32s2-elf/esp-2020r1-8.2.0/xtensa-esp32s2-elf/bin/../libexec/gcc/xtensa-esp32s2-elf/8.2.0/liblto_plugin.so] ==> ignore
    arg [-plugin-opt=/home/chenzhengwei/.espressif/tools/xtensa-esp32s2-elf/esp-2020r1-8.2.0/xtensa-esp32s2-elf/bin/../libexec/gcc/xtensa-esp32s2-elf/8.2.0/lto-wrapper] ==> ignore
    arg [-plugin-opt=-fresolution=/tmp/ccdz9L0v.res] ==> ignore
    arg [-plugin-opt=-pass-through=-lgcc] ==> ignore
    arg [-plugin-opt=-pass-through=-lc] ==> ignore
    arg [-plugin-opt=-pass-through=-lnosys] ==> ignore
    arg [-plugin-opt=-pass-through=-lc] ==> ignore
    arg [-plugin-opt=-pass-through=-lgcc] ==> ignore
    arg [-o] ==> ignore
    arg [cmTC_4c8c1] ==> ignore
    arg [/home/chenzhengwei/.espressif/tools/xtensa-esp32s2-elf/esp-2020r1-8.2.0/xtensa-esp32s2-elf/bin/../lib/gcc/xtensa-esp32s2-elf/8.2.0/../../../../xtensa-esp32s2-elf/lib/crt0.o] ==> ignore
    arg [/home/chenzhengwei/.espressif/tools/xtensa-esp32s2-elf/esp-2020r1-8.2.0/xtensa-esp32s2-elf/bin/../lib/gcc/xtensa-esp32s2-elf/8.2.0/crti.o] ==> ignore
    arg [/home/chenzhengwei/.espressif/tools/xtensa-esp32s2-elf/esp-2020r1-8.2.0/xtensa-esp32s2-elf/bin/../lib/gcc/xtensa-esp32s2-elf/8.2.0/crtbegin.o] ==> ignore
    arg [-L/home/chenzhengwei/.espressif/tools/xtensa-esp32s2-elf/esp-2020r1-8.2.0/xtensa-esp32s2-elf/bin/../lib/gcc/xtensa-esp32s2-elf/8.2.0] ==> dir [/home/chenzhengwei/.espressif/tools/xtensa-esp32s2-elf/esp-2020r1-8.2.0/xtensa-esp32s2-elf/bin/../lib/gcc/xtensa-esp32s2-elf/8.2.0]
    arg [-L/home/chenzhengwei/.espressif/tools/xtensa-esp32s2-elf/esp-2020r1-8.2.0/xtensa-esp32s2-elf/bin/../lib/gcc] ==> dir [/home/chenzhengwei/.espressif/tools/xtensa-esp32s2-elf/esp-2020r1-8.2.0/xtensa-esp32s2-elf/bin/../lib/gcc]
    arg [-L/home/chenzhengwei/.espressif/tools/xtensa-esp32s2-elf/esp-2020r1-8.2.0/xtensa-esp32s2-elf/bin/../lib/gcc/xtensa-esp32s2-elf/8.2.0/../../../../xtensa-esp32s2-elf/lib] ==> dir [/home/chenzhengwei/.espressif/tools/xtensa-esp32s2-elf/esp-2020r1-8.2.0/xtensa-esp32s2-elf/bin/../lib/gcc/xtensa-esp32s2-elf/8.2.0/../../../../xtensa-esp32s2-elf/lib]
    arg [CMakeFiles/cmTC_4c8c1.dir/CMakeCXXCompilerABI.cpp.obj] ==> ignore
    arg [-lstdc++] ==> lib [stdc++]
    arg [-lm] ==> lib [m]
    arg [-lgcc] ==> lib [gcc]
    arg [-lc] ==> lib [c]
    arg [-lnosys] ==> lib [nosys]
    arg [-lc] ==> lib [c]
    arg [-lgcc] ==> lib [gcc]
    arg [/home/chenzhengwei/.espressif/tools/xtensa-esp32s2-elf/esp-2020r1-8.2.0/xtensa-esp32s2-elf/bin/../lib/gcc/xtensa-esp32s2-elf/8.2.0/crtend.o] ==> ignore
    arg [/home/chenzhengwei/.espressif/tools/xtensa-esp32s2-elf/esp-2020r1-8.2.0/xtensa-esp32s2-elf/bin/../lib/gcc/xtensa-esp32s2-elf/8.2.0/crtn.o] ==> ignore
  remove lib [gcc]
  remove lib [gcc]
  collapse library dir [/home/chenzhengwei/.espressif/tools/xtensa-esp32s2-elf/esp-2020r1-8.2.0/xtensa-esp32s2-elf/bin/../lib/gcc/xtensa-esp32s2-elf/8.2.0] ==> [/home/chenzhengwei/.espressif/tools/xtensa-esp32s2-elf/esp-2020r1-8.2.0/xtensa-esp32s2-elf/lib/gcc/xtensa-esp32s2-elf/8.2.0]
  collapse library dir [/home/chenzhengwei/.espressif/tools/xtensa-esp32s2-elf/esp-2020r1-8.2.0/xtensa-esp32s2-elf/bin/../lib/gcc] ==> [/home/chenzhengwei/.espressif/tools/xtensa-esp32s2-elf/esp-2020r1-8.2.0/xtensa-esp32s2-elf/lib/gcc]
  collapse library dir [/home/chenzhengwei/.espressif/tools/xtensa-esp32s2-elf/esp-2020r1-8.2.0/xtensa-esp32s2-elf/bin/../lib/gcc/xtensa-esp32s2-elf/8.2.0/../../../../xtensa-esp32s2-elf/lib] ==> [/home/chenzhengwei/.espressif/tools/xtensa-esp32s2-elf/esp-2020r1-8.2.0/xtensa-esp32s2-elf/xtensa-esp32s2-elf/lib]
  implicit libs: [stdc++;m;c;nosys;c]
  implicit dirs: [/home/chenzhengwei/.espressif/tools/xtensa-esp32s2-elf/esp-2020r1-8.2.0/xtensa-esp32s2-elf/lib/gcc/xtensa-esp32s2-elf/8.2.0;/home/chenzhengwei/.espressif/tools/xtensa-esp32s2-elf/esp-2020r1-8.2.0/xtensa-esp32s2-elf/lib/gcc;/home/chenzhengwei/.espressif/tools/xtensa-esp32s2-elf/esp-2020r1-8.2.0/xtensa-esp32s2-elf/xtensa-esp32s2-elf/lib]
  implicit fwks: []




Detecting CXX [-std=c++14] compiler features compiled with the following output:
Change Dir: /home/chenzhengwei/esp/gitlab_esp/internal_portject/ESP32-S2-Kaluga-1/factory/led_touch_demo/build/bootloader/CMakeFiles/CMakeTmp

Run Build Command:"/usr/bin/make" "cmTC_1f742/fast"
make[3]: Entering directory '/home/chenzhengwei/esp/gitlab_esp/internal_portject/ESP32-S2-Kaluga-1/factory/led_touch_demo/build/bootloader/CMakeFiles/CMakeTmp'
/usr/bin/make -f CMakeFiles/cmTC_1f742.dir/build.make CMakeFiles/cmTC_1f742.dir/build
make[4]: Entering directory '/home/chenzhengwei/esp/gitlab_esp/internal_portject/ESP32-S2-Kaluga-1/factory/led_touch_demo/build/bootloader/CMakeFiles/CMakeTmp'
Building CXX object CMakeFiles/cmTC_1f742.dir/feature_tests.cxx.obj
/home/chenzhengwei/.espressif/tools/xtensa-esp32s2-elf/esp-2020r1-8.2.0/xtensa-esp32s2-elf/bin/xtensa-esp32s2-elf-g++     -mlongcalls    -std=c++14 -o CMakeFiles/cmTC_1f742.dir/feature_tests.cxx.obj -c /home/chenzhengwei/esp/gitlab_esp/internal_portject/ESP32-S2-Kaluga-1/factory/led_touch_demo/build/bootloader/CMakeFiles/feature_tests.cxx
Linking CXX executable cmTC_1f742
/usr/bin/cmake -E cmake_link_script CMakeFiles/cmTC_1f742.dir/link.txt --verbose=1
/home/chenzhengwei/.espressif/tools/xtensa-esp32s2-elf/esp-2020r1-8.2.0/xtensa-esp32s2-elf/bin/xtensa-esp32s2-elf-g++   -mlongcalls     CMakeFiles/cmTC_1f742.dir/feature_tests.cxx.obj  -o cmTC_1f742 
make[4]: Leaving directory '/home/chenzhengwei/esp/gitlab_esp/internal_portject/ESP32-S2-Kaluga-1/factory/led_touch_demo/build/bootloader/CMakeFiles/CMakeTmp'
make[3]: Leaving directory '/home/chenzhengwei/esp/gitlab_esp/internal_portject/ESP32-S2-Kaluga-1/factory/led_touch_demo/build/bootloader/CMakeFiles/CMakeTmp'


    Feature record: CXX_FEATURE:1cxx_aggregate_default_initializers
    Feature record: CXX_FEATURE:1cxx_alias_templates
    Feature record: CXX_FEATURE:1cxx_alignas
    Feature record: CXX_FEATURE:1cxx_alignof
    Feature record: CXX_FEATURE:1cxx_attributes
    Feature record: CXX_FEATURE:1cxx_attribute_deprecated
    Feature record: CXX_FEATURE:1cxx_auto_type
    Feature record: CXX_FEATURE:1cxx_binary_literals
    Feature record: CXX_FEATURE:1cxx_constexpr
    Feature record: CXX_FEATURE:1cxx_contextual_conversions
    Feature record: CXX_FEATURE:1cxx_decltype
    Feature record: CXX_FEATURE:1cxx_decltype_auto
    Feature record: CXX_FEATURE:1cxx_decltype_incomplete_return_types
    Feature record: CXX_FEATURE:1cxx_default_function_template_args
    Feature record: CXX_FEATURE:1cxx_defaulted_functions
    Feature record: CXX_FEATURE:1cxx_defaulted_move_initializers
    Feature record: CXX_FEATURE:1cxx_delegating_constructors
    Feature record: CXX_FEATURE:1cxx_deleted_functions
    Feature record: CXX_FEATURE:1cxx_digit_separators
    Feature record: CXX_FEATURE:1cxx_enum_forward_declarations
    Feature record: CXX_FEATURE:1cxx_explicit_conversions
    Feature record: CXX_FEATURE:1cxx_extended_friend_declarations
    Feature record: CXX_FEATURE:1cxx_extern_templates
    Feature record: CXX_FEATURE:1cxx_final
    Feature record: CXX_FEATURE:1cxx_func_identifier
    Feature record: CXX_FEATURE:1cxx_generalized_initializers
    Feature record: CXX_FEATURE:1cxx_generic_lambdas
    Feature record: CXX_FEATURE:1cxx_inheriting_constructors
    Feature record: CXX_FEATURE:1cxx_inline_namespaces
    Feature record: CXX_FEATURE:1cxx_lambdas
    Feature record: CXX_FEATURE:1cxx_lambda_init_captures
    Feature record: CXX_FEATURE:1cxx_local_type_template_args
    Feature record: CXX_FEATURE:1cxx_long_long_type
    Feature record: CXX_FEATURE:1cxx_noexcept
    Feature record: CXX_FEATURE:1cxx_nonstatic_member_init
    Feature record: CXX_FEATURE:1cxx_nullptr
    Feature record: CXX_FEATURE:1cxx_override
    Feature record: CXX_FEATURE:1cxx_range_for
    Feature record: CXX_FEATURE:1cxx_raw_string_literals
    Feature record: CXX_FEATURE:1cxx_reference_qualified_functions
    Feature record: CXX_FEATURE:1cxx_relaxed_constexpr
    Feature record: CXX_FEATURE:1cxx_return_type_deduction
    Feature record: CXX_FEATURE:1cxx_right_angle_brackets
    Feature record: CXX_FEATURE:1cxx_rvalue_references
    Feature record: CXX_FEATURE:1cxx_sizeof_member
    Feature record: CXX_FEATURE:1cxx_static_assert
    Feature record: CXX_FEATURE:1cxx_strong_enums
    Feature record: CXX_FEATURE:1cxx_template_template_parameters
    Feature record: CXX_FEATURE:1cxx_thread_local
    Feature record: CXX_FEATURE:1cxx_trailing_return_types
    Feature record: CXX_FEATURE:1cxx_unicode_literals
    Feature record: CXX_FEATURE:1cxx_uniform_initialization
    Feature record: CXX_FEATURE:1cxx_unrestricted_unions
    Feature record: CXX_FEATURE:1cxx_user_literals
    Feature record: CXX_FEATURE:1cxx_variable_templates
    Feature record: CXX_FEATURE:1cxx_variadic_macros
    Feature record: CXX_FEATURE:1cxx_variadic_templates


Detecting CXX [-std=c++11] compiler features compiled with the following output:
Change Dir: /home/chenzhengwei/esp/gitlab_esp/internal_portject/ESP32-S2-Kaluga-1/factory/led_touch_demo/build/bootloader/CMakeFiles/CMakeTmp

Run Build Command:"/usr/bin/make" "cmTC_381a2/fast"
make[3]: Entering directory '/home/chenzhengwei/esp/gitlab_esp/internal_portject/ESP32-S2-Kaluga-1/factory/led_touch_demo/build/bootloader/CMakeFiles/CMakeTmp'
/usr/bin/make -f CMakeFiles/cmTC_381a2.dir/build.make CMakeFiles/cmTC_381a2.dir/build
make[4]: Entering directory '/home/chenzhengwei/esp/gitlab_esp/internal_portject/ESP32-S2-Kaluga-1/factory/led_touch_demo/build/bootloader/CMakeFiles/CMakeTmp'
Building CXX object CMakeFiles/cmTC_381a2.dir/feature_tests.cxx.obj
/home/chenzhengwei/.espressif/tools/xtensa-esp32s2-elf/esp-2020r1-8.2.0/xtensa-esp32s2-elf/bin/xtensa-esp32s2-elf-g++     -mlongcalls    -std=c++11 -o CMakeFiles/cmTC_381a2.dir/feature_tests.cxx.obj -c /home/chenzhengwei/esp/gitlab_esp/internal_portject/ESP32-S2-Kaluga-1/factory/led_touch_demo/build/bootloader/CMakeFiles/feature_tests.cxx
Linking CXX executable cmTC_381a2
/usr/bin/cmake -E cmake_link_script CMakeFiles/cmTC_381a2.dir/link.txt --verbose=1
/home/chenzhengwei/.espressif/tools/xtensa-esp32s2-elf/esp-2020r1-8.2.0/xtensa-esp32s2-elf/bin/xtensa-esp32s2-elf-g++   -mlongcalls     CMakeFiles/cmTC_381a2.dir/feature_tests.cxx.obj  -o cmTC_381a2 
make[4]: Leaving directory '/home/chenzhengwei/esp/gitlab_esp/internal_portject/ESP32-S2-Kaluga-1/factory/led_touch_demo/build/bootloader/CMakeFiles/CMakeTmp'
make[3]: Leaving directory '/home/chenzhengwei/esp/gitlab_esp/internal_portject/ESP32-S2-Kaluga-1/factory/led_touch_demo/build/bootloader/CMakeFiles/CMakeTmp'


    Feature record: CXX_FEATURE:0cxx_aggregate_default_initializers
    Feature record: CXX_FEATURE:1cxx_alias_templates
    Feature record: CXX_FEATURE:1cxx_alignas
    Feature record: CXX_FEATURE:1cxx_alignof
    Feature record: CXX_FEATURE:1cxx_attributes
    Feature record: CXX_FEATURE:0cxx_attribute_deprecated
    Feature record: CXX_FEATURE:1cxx_auto_type
    Feature record: CXX_FEATURE:0cxx_binary_literals
    Feature record: CXX_FEATURE:1cxx_constexpr
    Feature record: CXX_FEATURE:0cxx_contextual_conversions
    Feature record: CXX_FEATURE:1cxx_decltype
    Feature record: CXX_FEATURE:0cxx_decltype_auto
    Feature record: CXX_FEATURE:1cxx_decltype_incomplete_return_types
    Feature record: CXX_FEATURE:1cxx_default_function_template_args
    Feature record: CXX_FEATURE:1cxx_defaulted_functions
    Feature record: CXX_FEATURE:1cxx_defaulted_move_initializers
    Feature record: CXX_FEATURE:1cxx_delegating_constructors
    Feature record: CXX_FEATURE:1cxx_deleted_functions
    Feature record: CXX_FEATURE:0cxx_digit_separators
    Feature record: CXX_FEATURE:1cxx_enum_forward_declarations
    Feature record: CXX_FEATURE:1cxx_explicit_conversions
    Feature record: CXX_FEATURE:1cxx_extended_friend_declarations
    Feature record: CXX_FEATURE:1cxx_extern_templates
    Feature record: CXX_FEATURE:1cxx_final
    Feature record: CXX_FEATURE:1cxx_func_identifier
    Feature record: CXX_FEATURE:1cxx_generalized_initializers
    Feature record: CXX_FEATURE:0cxx_generic_lambdas
    Feature record: CXX_FEATURE:1cxx_inheriting_constructors
    Feature record: CXX_FEATURE:1cxx_inline_namespaces
    Feature record: CXX_FEATURE:1cxx_lambdas
    Feature record: CXX_FEATURE:0cxx_lambda_init_captures
    Feature record: CXX_FEATURE:1cxx_local_type_template_args
    Feature record: CXX_FEATURE:1cxx_long_long_type
    Feature record: CXX_FEATURE:1cxx_noexcept
    Feature record: CXX_FEATURE:1cxx_nonstatic_member_init
    Feature record: CXX_FEATURE:1cxx_nullptr
    Feature record: CXX_FEATURE:1cxx_override
    Feature record: CXX_FEATURE:1cxx_range_for
    Feature record: CXX_FEATURE:1cxx_raw_string_literals
    Feature record: CXX_FEATURE:1cxx_reference_qualified_functions
    Feature record: CXX_FEATURE:0cxx_relaxed_constexpr
    Feature record: CXX_FEATURE:0cxx_return_type_deduction
    Feature record: CXX_FEATURE:1cxx_right_angle_brackets
    Feature record: CXX_FEATURE:1cxx_rvalue_references
    Feature record: CXX_FEATURE:1cxx_sizeof_member
    Feature record: CXX_FEATURE:1cxx_static_assert
    Feature record: CXX_FEATURE:1cxx_strong_enums
    Feature record: CXX_FEATURE:1cxx_template_template_parameters
    Feature record: CXX_FEATURE:1cxx_thread_local
    Feature record: CXX_FEATURE:1cxx_trailing_return_types
    Feature record: CXX_FEATURE:1cxx_unicode_literals
    Feature record: CXX_FEATURE:1cxx_uniform_initialization
    Feature record: CXX_FEATURE:1cxx_unrestricted_unions
    Feature record: CXX_FEATURE:1cxx_user_literals
    Feature record: CXX_FEATURE:0cxx_variable_templates
    Feature record: CXX_FEATURE:1cxx_variadic_macros
    Feature record: CXX_FEATURE:1cxx_variadic_templates


Detecting CXX [-std=c++98] compiler features compiled with the following output:
Change Dir: /home/chenzhengwei/esp/gitlab_esp/internal_portject/ESP32-S2-Kaluga-1/factory/led_touch_demo/build/bootloader/CMakeFiles/CMakeTmp

Run Build Command:"/usr/bin/make" "cmTC_1f7cd/fast"
make[3]: Entering directory '/home/chenzhengwei/esp/gitlab_esp/internal_portject/ESP32-S2-Kaluga-1/factory/led_touch_demo/build/bootloader/CMakeFiles/CMakeTmp'
/usr/bin/make -f CMakeFiles/cmTC_1f7cd.dir/build.make CMakeFiles/cmTC_1f7cd.dir/build
make[4]: Entering directory '/home/chenzhengwei/esp/gitlab_esp/internal_portject/ESP32-S2-Kaluga-1/factory/led_touch_demo/build/bootloader/CMakeFiles/CMakeTmp'
Building CXX object CMakeFiles/cmTC_1f7cd.dir/feature_tests.cxx.obj
/home/chenzhengwei/.espressif/tools/xtensa-esp32s2-elf/esp-2020r1-8.2.0/xtensa-esp32s2-elf/bin/xtensa-esp32s2-elf-g++     -mlongcalls    -std=c++98 -o CMakeFiles/cmTC_1f7cd.dir/feature_tests.cxx.obj -c /home/chenzhengwei/esp/gitlab_esp/internal_portject/ESP32-S2-Kaluga-1/factory/led_touch_demo/build/bootloader/CMakeFiles/feature_tests.cxx
Linking CXX executable cmTC_1f7cd
/usr/bin/cmake -E cmake_link_script CMakeFiles/cmTC_1f7cd.dir/link.txt --verbose=1
/home/chenzhengwei/.espressif/tools/xtensa-esp32s2-elf/esp-2020r1-8.2.0/xtensa-esp32s2-elf/bin/xtensa-esp32s2-elf-g++   -mlongcalls     CMakeFiles/cmTC_1f7cd.dir/feature_tests.cxx.obj  -o cmTC_1f7cd 
make[4]: Leaving directory '/home/chenzhengwei/esp/gitlab_esp/internal_portject/ESP32-S2-Kaluga-1/factory/led_touch_demo/build/bootloader/CMakeFiles/CMakeTmp'
make[3]: Leaving directory '/home/chenzhengwei/esp/gitlab_esp/internal_portject/ESP32-S2-Kaluga-1/factory/led_touch_demo/build/bootloader/CMakeFiles/CMakeTmp'


    Feature record: CXX_FEATURE:0cxx_aggregate_default_initializers
    Feature record: CXX_FEATURE:0cxx_alias_templates
    Feature record: CXX_FEATURE:0cxx_alignas
    Feature record: CXX_FEATURE:0cxx_alignof
    Feature record: CXX_FEATURE:0cxx_attributes
    Feature record: CXX_FEATURE:0cxx_attribute_deprecated
    Feature record: CXX_FEATURE:0cxx_auto_type
    Feature record: CXX_FEATURE:0cxx_binary_literals
    Feature record: CXX_FEATURE:0cxx_constexpr
    Feature record: CXX_FEATURE:0cxx_contextual_conversions
    Feature record: CXX_FEATURE:0cxx_decltype
    Feature record: CXX_FEATURE:0cxx_decltype_auto
    Feature record: CXX_FEATURE:0cxx_decltype_incomplete_return_types
    Feature record: CXX_FEATURE:0cxx_default_function_template_args
    Feature record: CXX_FEATURE:0cxx_defaulted_functions
    Feature record: CXX_FEATURE:0cxx_defaulted_move_initializers
    Feature record: CXX_FEATURE:0cxx_delegating_constructors
    Feature record: CXX_FEATURE:0cxx_deleted_functions
    Feature record: CXX_FEATURE:0cxx_digit_separators
    Feature record: CXX_FEATURE:0cxx_enum_forward_declarations
    Feature record: CXX_FEATURE:0cxx_explicit_conversions
    Feature record: CXX_FEATURE:0cxx_extended_friend_declarations
    Feature record: CXX_FEATURE:0cxx_extern_templates
    Feature record: CXX_FEATURE:0cxx_final
    Feature record: CXX_FEATURE:0cxx_func_identifier
    Feature record: CXX_FEATURE:0cxx_generalized_initializers
    Feature record: CXX_FEATURE:0cxx_generic_lambdas
    Feature record: CXX_FEATURE:0cxx_inheriting_constructors
    Feature record: CXX_FEATURE:0cxx_inline_namespaces
    Feature record: CXX_FEATURE:0cxx_lambdas
    Feature record: CXX_FEATURE:0cxx_lambda_init_captures
    Feature record: CXX_FEATURE:0cxx_local_type_template_args
    Feature record: CXX_FEATURE:0cxx_long_long_type
    Feature record: CXX_FEATURE:0cxx_noexcept
    Feature record: CXX_FEATURE:0cxx_nonstatic_member_init
    Feature record: CXX_FEATURE:0cxx_nullptr
    Feature record: CXX_FEATURE:0cxx_override
    Feature record: CXX_FEATURE:0cxx_range_for
    Feature record: CXX_FEATURE:0cxx_raw_string_literals
    Feature record: CXX_FEATURE:0cxx_reference_qualified_functions
    Feature record: CXX_FEATURE:0cxx_relaxed_constexpr
    Feature record: CXX_FEATURE:0cxx_return_type_deduction
    Feature record: CXX_FEATURE:0cxx_right_angle_brackets
    Feature record: CXX_FEATURE:0cxx_rvalue_references
    Feature record: CXX_FEATURE:0cxx_sizeof_member
    Feature record: CXX_FEATURE:0cxx_static_assert
    Feature record: CXX_FEATURE:0cxx_strong_enums
    Feature record: CXX_FEATURE:1cxx_template_template_parameters
    Feature record: CXX_FEATURE:0cxx_thread_local
    Feature record: CXX_FEATURE:0cxx_trailing_return_types
    Feature record: CXX_FEATURE:0cxx_unicode_literals
    Feature record: CXX_FEATURE:0cxx_uniform_initialization
    Feature record: CXX_FEATURE:0cxx_unrestricted_unions
    Feature record: CXX_FEATURE:0cxx_user_literals
    Feature record: CXX_FEATURE:0cxx_variable_templates
    Feature record: CXX_FEATURE:0cxx_variadic_macros
    Feature record: CXX_FEATURE:0cxx_variadic_templates
